<?xml version="1.0" encoding="UTF-8"?>
<!-- Generated by org.testng.reporters.JUnitReportReporter -->
<testsuite hostname="LIN59015782" failures="0" tests="1" name="NewTest" time="0.094" errors="0" timestamp="2022-09-19T14:32:53 IST" skipped="0">
  <testcase classname="NewTest" name="chromeTest" time="0.094"/>
  <system-out/>
</testsuite> <!-- NewTest -->
